[18:15:47] [main/INFO]: Setting user: Player640
[18:15:48] [Client thread/INFO]: LWJGL Version: 2.9.1
[18:15:55] [Client thread/INFO]: Reloading ResourceManager: Default, FMLFileResourcePack:Forge Mod Loader, FMLFileResourcePack:Minecraft Forge, FMLFileResourcePack:Baubles, FMLFileResourcePack:Thaumcraft, FMLFileResourcePack:Example Mod
[18:15:57] [Sound Library Loader/INFO]: Sound engine started
[18:15:57] [Client thread/INFO]: Created: 16x16 textures/blocks-atlas
[18:15:57] [Client thread/INFO]: Created: 16x16 textures/items-atlas
[18:15:58] [Client thread/INFO]: Reloading ResourceManager: Default, FMLFileResourcePack:Forge Mod Loader, FMLFileResourcePack:Minecraft Forge, FMLFileResourcePack:Baubles, FMLFileResourcePack:Thaumcraft, FMLFileResourcePack:Example Mod
[18:15:58] [Client thread/INFO]: Created: 512x512 textures/blocks-atlas
[18:15:58] [Client thread/INFO]: Created: 512x512 textures/items-atlas
[18:15:59] [Sound Library Loader/INFO]: Sound engine started
[18:16:15] [Server thread/INFO]: Starting integrated minecraft server version 1.7.10
[18:16:15] [Server thread/INFO]: Generating keypair
[18:16:15] [Server thread/INFO]: Preparing start region for level 0
[18:16:16] [Server thread/INFO]: Changing view distance to 12, from 10
[18:16:17] [Server thread/INFO]: Player640[local:E:5c1065a9] logged in with entity id 286 at (-108.40442923278962, 69.0, 250.76424640925163)
[18:16:17] [Server thread/INFO]: Player640 joined the game
[18:16:24] [Server thread/INFO]: Saving and pausing game...
[18:16:24] [Server thread/INFO]: Saving chunks for level 'New World'/Overworld
[18:16:24] [Server thread/INFO]: Saving chunks for level 'New World'/Nether
[18:16:24] [Server thread/INFO]: Saving chunks for level 'New World'/The End
[18:16:24] [Server thread/INFO]: Saving chunks for level 'New World'/The Outer Lands
[18:16:51] [Server thread/INFO]: Saving and pausing game...
[18:16:51] [Server thread/INFO]: Saving chunks for level 'New World'/Overworld
[18:16:51] [Server thread/INFO]: Saving chunks for level 'New World'/Nether
[18:16:51] [Server thread/INFO]: Saving chunks for level 'New World'/The End
[18:16:51] [Server thread/INFO]: Saving chunks for level 'New World'/The Outer Lands
[18:17:48] [Server thread/INFO]: Saving and pausing game...
[18:17:48] [Server thread/INFO]: Saving chunks for level 'New World'/Overworld
[18:17:48] [Server thread/INFO]: Saving chunks for level 'New World'/Nether
[18:17:48] [Server thread/INFO]: Saving chunks for level 'New World'/The End
[18:17:48] [Server thread/INFO]: Saving chunks for level 'New World'/The Outer Lands
[18:19:14] [Server thread/INFO]: Saving and pausing game...
[18:19:14] [Server thread/INFO]: Saving chunks for level 'New World'/Overworld
[18:19:14] [Server thread/INFO]: Saving chunks for level 'New World'/Nether
[18:19:14] [Server thread/INFO]: Saving chunks for level 'New World'/The End
[18:19:14] [Server thread/INFO]: Saving chunks for level 'New World'/The Outer Lands
